2022-06-26 08:58:48,404:INFO:PyCaret Supervised Module
2022-06-26 08:58:48,405:INFO:ML Usecase: classification
2022-06-26 08:58:48,405:INFO:version 2.3.10
2022-06-26 08:58:48,405:INFO:Initializing setup()
2022-06-26 08:58:48,405:INFO:setup(target=subreddit, ml_usecase=classification, available_plots={'parameter': 'Hyperparameters', 'auc': 'AUC', 'confusion_matrix': 'Confusion Matrix', 'threshold': 'Threshold', 'pr': 'Precision Recall', 'error': 'Prediction Error', 'class_report': 'Class Report', 'rfe': 'Feature Selection', 'learning': 'Learning Curve', 'manifold': 'Manifold Learning', 'calibration': 'Calibration Curve', 'vc': 'Validation Curve', 'dimension': 'Dimensions', 'feature': 'Feature Importance', 'feature_all': 'Feature Importance (All)', 'boundary': 'Decision Boundary', 'lift': 'Lift Chart', 'gain': 'Gain Chart', 'tree': 'Decision Tree', 'ks': 'KS Statistic Plot'}, train_size=0.7, test_data=None, preprocess=True, imputation_type=simple, iterative_imputation_iters=5, categorical_features=None, categorical_imputation=constant, categorical_iterative_imputer=lightgbm, ordinal_features=None, high_cardinality_features=None, high_cardinality_method=frequency, numeric_features=None, numeric_imputation=mean, numeric_iterative_imputer=lightgbm, date_features=None, ignore_features=None, normalize=False, normalize_method=zscore, transformation=False, transformation_method=yeo-johnson, handle_unknown_categorical=True, unknown_categorical_method=least_frequent, pca=False, pca_method=linear, pca_components=None, ignore_low_variance=False, combine_rare_levels=False, rare_level_threshold=0.1, bin_numeric_features=None, remove_outliers=False, outliers_threshold=0.05, remove_multicollinearity=False, multicollinearity_threshold=0.9, remove_perfect_collinearity=True, create_clusters=False, cluster_iter=20, polynomial_features=False, polynomial_degree=2, trigonometry_features=False, polynomial_threshold=0.1, group_features=None, group_names=None, feature_selection=False, feature_selection_threshold=0.8, feature_selection_method=classic, feature_interaction=False, feature_ratio=False, interaction_threshold=0.01, fix_imbalance=False, fix_imbalance_method=None, transform_target=False, transform_target_method=box-cox, data_split_shuffle=True, data_split_stratify=False, fold_strategy=stratifiedkfold, fold=10, fold_shuffle=False, fold_groups=None, n_jobs=-1, use_gpu=False, custom_pipeline=None, html=True, session_id=None, log_experiment=False, experiment_name=None, experiment_custom_tags=None, log_plots=False, log_profile=False, log_data=False, silent=False, verbose=True, profile=False, profile_kwargs=None, display=None)
2022-06-26 08:58:48,406:INFO:Checking environment
2022-06-26 08:58:48,406:INFO:python_version: 3.8.13
2022-06-26 08:58:48,406:INFO:python_build: ('default', 'Mar 25 2022 05:59:45')
2022-06-26 08:58:48,406:INFO:machine: AMD64
2022-06-26 08:58:48,406:INFO:platform: Windows-10-10.0.19043-SP0
2022-06-26 08:58:48,406:INFO:Memory: svmem(total=17113575424, available=9799659520, percent=42.7, used=7313915904, free=9799659520)
2022-06-26 08:58:48,406:INFO:Physical Core: 6
2022-06-26 08:58:48,406:INFO:Logical Core: 12
2022-06-26 08:58:48,406:INFO:Checking libraries
2022-06-26 08:58:48,406:INFO:pd==1.4.2
2022-06-26 08:58:48,407:INFO:numpy==1.22.4
2022-06-26 08:58:48,407:INFO:sklearn==0.23.2
2022-06-26 08:58:48,407:INFO:lightgbm==3.3.2
2022-06-26 08:58:48,408:WARNING:catboost not found
2022-06-26 08:58:48,409:WARNING:xgboost not found
2022-06-26 08:58:48,409:INFO:mlflow==1.26.1
2022-06-26 08:58:48,409:INFO:Checking Exceptions
2022-06-26 08:58:48,410:INFO:Declaring global variables
2022-06-26 08:58:48,410:INFO:USI: de47
2022-06-26 08:58:48,410:INFO:pycaret_globals: {'display_container', 'dashboard_logger', 'master_model_container', 'log_plots_param', 'fix_imbalance_param', 'USI', 'y_train', 'experiment__', 'gpu_param', 'fold_generator', 'X_train', 'y', 'data_before_preprocess', 'prep_pipe', '_internal_pipeline', '_all_metrics', 'y_test', 'fold_shuffle_param', 'target_param', 'seed', 'logging_param', 'n_jobs_param', 'imputation_regressor', 'stratify_param', 'fold_param', 'transform_target_method_param', 'fix_imbalance_method_param', '_ml_usecase', 'fold_groups_param', '_all_models_internal', 'exp_name_log', 'pycaret_globals', 'iterative_imputation_iters_param', '_available_plots', '_gpu_n_jobs_param', '_all_models', 'fold_groups_param_full', 'X_test', 'transform_target_param', 'create_model_container', 'X', 'imputation_classifier', 'html_param'}
2022-06-26 08:58:48,410:INFO:Preparing display monitor
2022-06-26 08:58:48,410:INFO:Preparing display monitor
2022-06-26 08:58:48,426:INFO:Importing libraries
2022-06-26 08:58:48,427:INFO:Copying data for preprocessing
2022-06-26 08:58:48,434:INFO:Declaring preprocessing parameters
2022-06-26 08:58:48,436:INFO:Creating preprocessing pipeline
2022-06-26 08:58:48,442:INFO:Preprocessing pipeline created successfully
2022-06-26 08:58:48,443:ERROR:(Process Exit): setup has been interupted with user command 'quit'. setup must rerun.
2022-06-26 08:58:48,443:INFO:Creating global containers
2022-06-26 08:58:48,444:INFO:Internal pipeline: Pipeline(memory=None, steps=[('empty_step', 'passthrough')], verbose=False)
2022-06-26 09:37:20,313:WARNING:Couldn't import xgboost.XGBClassifier
2022-06-26 09:37:20,315:WARNING:Couldn't import catboost.CatBoostClassifier
2022-06-26 09:37:20,424:WARNING:Couldn't import xgboost.XGBClassifier
2022-06-26 09:37:20,426:WARNING:Couldn't import catboost.CatBoostClassifier
2022-06-26 09:37:20,427:INFO:Creating grid variables
2022-06-26 09:37:20,449:INFO:create_model_container: 0
2022-06-26 09:37:20,449:INFO:master_model_container: 0
2022-06-26 09:37:20,449:INFO:display_container: 1
2022-06-26 09:37:20,455:INFO:Pipeline(memory=None,
         steps=[('dtypes',
                 DataTypes_Auto_infer(categorical_features=[],
                                      display_types=True, features_todrop=[],
                                      id_columns=[],
                                      ml_usecase='classification',
                                      numerical_features=[], target='subreddit',
                                      time_features=[])),
                ('imputer',
                 Simple_Imputer(categorical_strategy='not_available',
                                fill_value_categorical=None,
                                fill_value_numerical=None,
                                numeric_st...
                ('scaling', 'passthrough'), ('P_transform', 'passthrough'),
                ('binn', 'passthrough'), ('rem_outliers', 'passthrough'),
                ('cluster_all', 'passthrough'),
                ('dummy', Dummify(target='subreddit')),
                ('fix_perfect', Remove_100(target='subreddit')),
                ('clean_names', Clean_Colum_Names()),
                ('feature_select', 'passthrough'), ('fix_multi', 'passthrough'),
                ('dfs', 'passthrough'), ('pca', 'passthrough')],
         verbose=False)
2022-06-26 09:37:20,455:INFO:setup() succesfully completed......................................
2022-06-26 09:37:20,842:INFO:Initializing compare_models()
2022-06-26 09:37:20,842:INFO:compare_models(include=None, fold=None, round=4, cross_validation=True, sort=Accuracy, n_select=1, budget_time=None, turbo=True, errors=ignore, fit_kwargs=None, groups=None, experiment_custom_tags=None, probability_threshold=None, verbose=True, display=None, exclude=None)
2022-06-26 09:37:20,842:INFO:Checking exceptions
2022-06-26 09:37:20,843:INFO:Preparing display monitor
2022-06-26 09:37:20,843:INFO:Preparing display monitor
2022-06-26 09:37:20,873:INFO:Initializing Logistic Regression
2022-06-26 09:37:20,873:INFO:Total runtime is 0.0 minutes
2022-06-26 09:37:20,883:INFO:SubProcess create_model() called ==================================
2022-06-26 09:37:20,884:INFO:Initializing create_model()
2022-06-26 09:37:20,884:INFO:create_model(estimator=lr, fold=StratifiedKFold(n_splits=10, random_state=None, shuffle=False), round=4, cross_validation=True, predict=True, fit_kwargs={}, groups=None, refit=False, verbose=False, system=False, metrics=None, experiment_custom_tags=None, add_to_model_list=True, probability_threshold=None, display=<pycaret.internal.Display.Display object at 0x000001C7407899A0>, return_train_score=False, kwargs={})
2022-06-26 09:37:20,905:INFO:Checking exceptions
2022-06-26 09:37:20,905:INFO:Importing libraries
2022-06-26 09:37:20,905:INFO:Copying training dataset
2022-06-26 09:37:21,016:INFO:Defining folds
2022-06-26 09:37:21,016:INFO:Declaring metric variables
2022-06-26 09:37:21,023:INFO:Importing untrained model
2022-06-26 09:37:21,030:INFO:Logistic Regression Imported succesfully
2022-06-26 09:37:21,045:INFO:Starting cross validation
2022-06-26 09:37:21,046:INFO:Cross validating with StratifiedKFold(n_splits=10, random_state=None, shuffle=False), n_jobs=-1
2022-06-26 09:38:19,574:INFO:Calculating mean and std
2022-06-26 09:38:19,660:INFO:Creating metrics dataframe
2022-06-26 09:38:20,154:INFO:Uploading results into container
2022-06-26 09:38:20,154:INFO:Uploading model into container now
2022-06-26 09:38:20,154:INFO:create_model_container: 1
2022-06-26 09:38:20,155:INFO:master_model_container: 1
2022-06-26 09:38:20,155:INFO:display_container: 2
2022-06-26 09:38:20,157:INFO:LogisticRegression(C=1.0, class_weight=None, dual=False, fit_intercept=True,
                   intercept_scaling=1, l1_ratio=None, max_iter=1000,
                   multi_class='auto', n_jobs=None, penalty='l2',
                   random_state=3004, solver='lbfgs', tol=0.0001, verbose=0,
                   warm_start=False)
2022-06-26 09:38:20,157:INFO:create_model() succesfully completed......................................
2022-06-26 09:38:20,645:INFO:SubProcess create_model() end ==================================
2022-06-26 09:38:20,645:INFO:Creating metrics dataframe
2022-06-26 09:38:20,682:INFO:Initializing K Neighbors Classifier
2022-06-26 09:38:20,682:INFO:Total runtime is 0.9968196670214335 minutes
2022-06-26 09:38:20,691:INFO:SubProcess create_model() called ==================================
2022-06-26 09:38:20,691:INFO:Initializing create_model()
2022-06-26 09:38:20,692:INFO:create_model(estimator=knn, fold=StratifiedKFold(n_splits=10, random_state=None, shuffle=False), round=4, cross_validation=True, predict=True, fit_kwargs={}, groups=None, refit=False, verbose=False, system=False, metrics=None, experiment_custom_tags=None, add_to_model_list=True, probability_threshold=None, display=<pycaret.internal.Display.Display object at 0x000001C7407899A0>, return_train_score=False, kwargs={})
2022-06-26 09:38:20,692:INFO:Checking exceptions
2022-06-26 09:38:20,692:INFO:Importing libraries
2022-06-26 09:38:20,693:INFO:Copying training dataset
2022-06-26 09:38:21,115:INFO:Defining folds
2022-06-26 09:38:21,115:INFO:Declaring metric variables
2022-06-26 09:38:21,122:INFO:Importing untrained model
2022-06-26 09:38:21,130:INFO:K Neighbors Classifier Imported succesfully
2022-06-26 09:38:21,146:INFO:Starting cross validation
2022-06-26 09:38:21,147:INFO:Cross validating with StratifiedKFold(n_splits=10, random_state=None, shuffle=False), n_jobs=-1
2022-06-26 10:00:52,544:INFO:Calculating mean and std
2022-06-26 10:00:52,622:INFO:Creating metrics dataframe
2022-06-26 10:00:53,216:INFO:Uploading results into container
2022-06-26 10:00:53,216:INFO:Uploading model into container now
2022-06-26 10:00:53,216:INFO:create_model_container: 2
2022-06-26 10:00:53,217:INFO:master_model_container: 2
2022-06-26 10:00:53,217:INFO:display_container: 2
2022-06-26 10:00:53,221:INFO:KNeighborsClassifier(algorithm='auto', leaf_size=30, metric='minkowski',
                     metric_params=None, n_jobs=-1, n_neighbors=5, p=2,
                     weights='uniform')
2022-06-26 10:00:53,222:INFO:create_model() succesfully completed......................................
2022-06-26 10:00:54,023:INFO:SubProcess create_model() end ==================================
2022-06-26 10:00:54,023:INFO:Creating metrics dataframe
2022-06-26 10:00:54,062:INFO:Initializing Naive Bayes
2022-06-26 10:00:54,062:INFO:Total runtime is 23.553147959709168 minutes
2022-06-26 10:00:54,071:INFO:SubProcess create_model() called ==================================
2022-06-26 10:00:54,072:INFO:Initializing create_model()
2022-06-26 10:00:54,072:INFO:create_model(estimator=nb, fold=StratifiedKFold(n_splits=10, random_state=None, shuffle=False), round=4, cross_validation=True, predict=True, fit_kwargs={}, groups=None, refit=False, verbose=False, system=False, metrics=None, experiment_custom_tags=None, add_to_model_list=True, probability_threshold=None, display=<pycaret.internal.Display.Display object at 0x000001C7407899A0>, return_train_score=False, kwargs={})
2022-06-26 10:00:54,072:INFO:Checking exceptions
2022-06-26 10:00:54,072:INFO:Importing libraries
2022-06-26 10:00:54,073:INFO:Copying training dataset
2022-06-26 10:00:54,903:INFO:Defining folds
2022-06-26 10:00:54,903:INFO:Declaring metric variables
2022-06-26 10:00:54,910:INFO:Importing untrained model
2022-06-26 10:00:54,918:INFO:Naive Bayes Imported succesfully
2022-06-26 10:00:54,931:INFO:Starting cross validation
2022-06-26 10:00:54,932:INFO:Cross validating with StratifiedKFold(n_splits=10, random_state=None, shuffle=False), n_jobs=-1
2022-06-26 10:01:14,995:INFO:Calculating mean and std
2022-06-26 10:01:14,999:INFO:Creating metrics dataframe
2022-06-26 10:01:15,095:INFO:Uploading results into container
2022-06-26 10:01:15,095:INFO:Uploading model into container now
2022-06-26 10:01:15,095:INFO:create_model_container: 3
2022-06-26 10:01:15,095:INFO:master_model_container: 3
2022-06-26 10:01:15,095:INFO:display_container: 2
2022-06-26 10:01:15,096:INFO:GaussianNB(priors=None, var_smoothing=1e-09)
2022-06-26 10:01:15,096:INFO:create_model() succesfully completed......................................
2022-06-26 10:01:15,318:INFO:SubProcess create_model() end ==================================
2022-06-26 10:01:15,318:INFO:Creating metrics dataframe
2022-06-26 10:01:15,354:INFO:Initializing Decision Tree Classifier
2022-06-26 10:01:15,355:INFO:Total runtime is 23.908034678300222 minutes
2022-06-26 10:01:15,363:INFO:SubProcess create_model() called ==================================
2022-06-26 10:01:15,363:INFO:Initializing create_model()
2022-06-26 10:01:15,363:INFO:create_model(estimator=dt, fold=StratifiedKFold(n_splits=10, random_state=None, shuffle=False), round=4, cross_validation=True, predict=True, fit_kwargs={}, groups=None, refit=False, verbose=False, system=False, metrics=None, experiment_custom_tags=None, add_to_model_list=True, probability_threshold=None, display=<pycaret.internal.Display.Display object at 0x000001C7407899A0>, return_train_score=False, kwargs={})
2022-06-26 10:01:15,363:INFO:Checking exceptions
2022-06-26 10:01:15,363:INFO:Importing libraries
2022-06-26 10:01:15,364:INFO:Copying training dataset
2022-06-26 10:01:15,645:INFO:Defining folds
2022-06-26 10:01:15,645:INFO:Declaring metric variables
2022-06-26 10:01:15,653:INFO:Importing untrained model
2022-06-26 10:01:15,660:INFO:Decision Tree Classifier Imported succesfully
2022-06-26 10:01:15,678:INFO:Starting cross validation
2022-06-26 10:01:15,678:INFO:Cross validating with StratifiedKFold(n_splits=10, random_state=None, shuffle=False), n_jobs=-1
2022-06-26 11:00:51,869:INFO:Calculating mean and std
2022-06-26 11:00:51,872:INFO:Creating metrics dataframe
2022-06-26 11:00:51,920:INFO:Uploading results into container
2022-06-26 11:00:51,920:INFO:Uploading model into container now
2022-06-26 11:00:51,920:INFO:create_model_container: 4
2022-06-26 11:00:51,922:INFO:master_model_container: 4
2022-06-26 11:00:51,922:INFO:display_container: 2
2022-06-26 11:00:51,924:INFO:DecisionTreeClassifier(ccp_alpha=0.0, class_weight=None, criterion='gini',
                       max_depth=None, max_features=None, max_leaf_nodes=None,
                       min_impurity_decrease=0.0, min_impurity_split=None,
                       min_samples_leaf=1, min_samples_split=2,
                       min_weight_fraction_leaf=0.0, presort='deprecated',
                       random_state=3004, splitter='best')
2022-06-26 11:00:52,162:INFO:create_model() succesfully completed......................................
2022-06-26 11:00:52,347:INFO:SubProcess create_model() end ==================================
2022-06-26 11:00:52,347:INFO:Creating metrics dataframe
2022-06-26 11:00:52,381:INFO:Initializing SVM - Linear Kernel
2022-06-26 11:00:52,382:INFO:Total runtime is 83.5251368800799 minutes
2022-06-26 11:00:52,390:INFO:SubProcess create_model() called ==================================
2022-06-26 11:00:52,391:INFO:Initializing create_model()
2022-06-26 11:00:52,391:INFO:create_model(estimator=svm, fold=StratifiedKFold(n_splits=10, random_state=None, shuffle=False), round=4, cross_validation=True, predict=True, fit_kwargs={}, groups=None, refit=False, verbose=False, system=False, metrics=None, experiment_custom_tags=None, add_to_model_list=True, probability_threshold=None, display=<pycaret.internal.Display.Display object at 0x000001C7407899A0>, return_train_score=False, kwargs={})
2022-06-26 11:00:52,391:INFO:Checking exceptions
2022-06-26 11:00:52,391:INFO:Importing libraries
2022-06-26 11:00:52,391:INFO:Copying training dataset
2022-06-26 11:00:52,723:INFO:Defining folds
2022-06-26 11:00:52,723:INFO:Declaring metric variables
2022-06-26 11:00:52,730:INFO:Importing untrained model
2022-06-26 11:00:52,738:INFO:SVM - Linear Kernel Imported succesfully
2022-06-26 11:00:52,754:INFO:Starting cross validation
2022-06-26 11:00:52,755:INFO:Cross validating with StratifiedKFold(n_splits=10, random_state=None, shuffle=False), n_jobs=-1
2022-06-26 11:01:57,624:INFO:Calculating mean and std
2022-06-26 11:01:57,723:INFO:Creating metrics dataframe
2022-06-26 11:01:57,962:INFO:Uploading results into container
2022-06-26 11:01:57,963:INFO:Uploading model into container now
2022-06-26 11:01:57,963:INFO:create_model_container: 5
2022-06-26 11:01:57,963:INFO:master_model_container: 5
2022-06-26 11:01:57,963:INFO:display_container: 2
2022-06-26 11:01:57,967:INFO:SGDClassifier(alpha=0.0001, average=False, class_weight=None,
              early_stopping=False, epsilon=0.1, eta0=0.001, fit_intercept=True,
              l1_ratio=0.15, learning_rate='optimal', loss='hinge',
              max_iter=1000, n_iter_no_change=5, n_jobs=-1, penalty='l2',
              power_t=0.5, random_state=3004, shuffle=True, tol=0.001,
              validation_fraction=0.1, verbose=0, warm_start=False)
2022-06-26 11:01:57,967:INFO:create_model() succesfully completed......................................
2022-06-26 11:01:58,759:INFO:SubProcess create_model() end ==================================
2022-06-26 11:01:58,759:INFO:Creating metrics dataframe
2022-06-26 11:01:58,803:INFO:Initializing Ridge Classifier
2022-06-26 11:01:58,803:INFO:Total runtime is 84.63215968608856 minutes
2022-06-26 11:01:58,812:INFO:SubProcess create_model() called ==================================
2022-06-26 11:01:58,813:INFO:Initializing create_model()
2022-06-26 11:01:58,813:INFO:create_model(estimator=ridge, fold=StratifiedKFold(n_splits=10, random_state=None, shuffle=False), round=4, cross_validation=True, predict=True, fit_kwargs={}, groups=None, refit=False, verbose=False, system=False, metrics=None, experiment_custom_tags=None, add_to_model_list=True, probability_threshold=None, display=<pycaret.internal.Display.Display object at 0x000001C7407899A0>, return_train_score=False, kwargs={})
2022-06-26 11:01:58,813:INFO:Checking exceptions
2022-06-26 11:01:58,813:INFO:Importing libraries
2022-06-26 11:01:58,814:INFO:Copying training dataset
2022-06-26 11:01:59,656:INFO:Defining folds
2022-06-26 11:01:59,656:INFO:Declaring metric variables
2022-06-26 11:01:59,666:INFO:Importing untrained model
2022-06-26 11:01:59,675:INFO:Ridge Classifier Imported succesfully
2022-06-26 11:01:59,691:INFO:Starting cross validation
2022-06-26 11:01:59,691:INFO:Cross validating with StratifiedKFold(n_splits=10, random_state=None, shuffle=False), n_jobs=-1
2022-06-26 11:04:03,528:INFO:Calculating mean and std
2022-06-26 11:04:03,609:INFO:Creating metrics dataframe
2022-06-26 11:04:03,964:INFO:Uploading results into container
2022-06-26 11:04:03,965:INFO:Uploading model into container now
2022-06-26 11:04:03,989:INFO:create_model_container: 6
2022-06-26 11:04:03,989:INFO:master_model_container: 6
2022-06-26 11:04:03,989:INFO:display_container: 2
2022-06-26 11:04:03,993:INFO:RidgeClassifier(alpha=1.0, class_weight=None, copy_X=True, fit_intercept=True,
                max_iter=None, normalize=False, random_state=3004,
                solver='auto', tol=0.001)
2022-06-26 11:04:03,993:INFO:create_model() succesfully completed......................................
2022-06-26 11:04:04,805:INFO:SubProcess create_model() end ==================================
2022-06-26 11:04:04,805:INFO:Creating metrics dataframe
2022-06-26 11:04:04,855:INFO:Initializing Random Forest Classifier
2022-06-26 11:04:04,855:INFO:Total runtime is 86.73302529652914 minutes
2022-06-26 11:04:04,864:INFO:SubProcess create_model() called ==================================
2022-06-26 11:04:04,864:INFO:Initializing create_model()
2022-06-26 11:04:04,864:INFO:create_model(estimator=rf, fold=StratifiedKFold(n_splits=10, random_state=None, shuffle=False), round=4, cross_validation=True, predict=True, fit_kwargs={}, groups=None, refit=False, verbose=False, system=False, metrics=None, experiment_custom_tags=None, add_to_model_list=True, probability_threshold=None, display=<pycaret.internal.Display.Display object at 0x000001C7407899A0>, return_train_score=False, kwargs={})
2022-06-26 11:04:04,864:INFO:Checking exceptions
2022-06-26 11:04:04,864:INFO:Importing libraries
2022-06-26 11:04:04,866:INFO:Copying training dataset
2022-06-26 11:04:05,763:INFO:Defining folds
2022-06-26 11:04:05,763:INFO:Declaring metric variables
2022-06-26 11:04:05,771:INFO:Importing untrained model
2022-06-26 11:04:05,779:INFO:Random Forest Classifier Imported succesfully
2022-06-26 11:04:05,795:INFO:Starting cross validation
2022-06-26 11:04:05,796:INFO:Cross validating with StratifiedKFold(n_splits=10, random_state=None, shuffle=False), n_jobs=-1
2022-06-26 11:22:00,552:INFO:Calculating mean and std
2022-06-26 11:22:00,555:INFO:Creating metrics dataframe
2022-06-26 11:22:00,601:INFO:Uploading results into container
2022-06-26 11:22:00,601:INFO:Uploading model into container now
2022-06-26 11:22:00,601:INFO:create_model_container: 7
2022-06-26 11:22:00,601:INFO:master_model_container: 7
2022-06-26 11:22:00,601:INFO:display_container: 2
2022-06-26 11:22:00,602:INFO:RandomForestClassifier(bootstrap=True, ccp_alpha=0.0, class_weight=None,
                       criterion='gini', max_depth=None, max_features='auto',
                       max_leaf_nodes=None, max_samples=None,
                       min_impurity_decrease=0.0, min_impurity_split=None,
                       min_samples_leaf=1, min_samples_split=2,
                       min_weight_fraction_leaf=0.0, n_estimators=100,
                       n_jobs=-1, oob_score=False, random_state=3004, verbose=0,
                       warm_start=False)
2022-06-26 11:22:00,603:INFO:create_model() succesfully completed......................................
2022-06-26 11:22:00,795:INFO:SubProcess create_model() end ==================================
2022-06-26 11:22:00,795:INFO:Creating metrics dataframe
2022-06-26 11:22:00,832:INFO:Initializing Quadratic Discriminant Analysis
2022-06-26 11:22:00,832:INFO:Total runtime is 104.66597439448039 minutes
2022-06-26 11:22:00,840:INFO:SubProcess create_model() called ==================================
2022-06-26 11:22:00,840:INFO:Initializing create_model()
2022-06-26 11:22:00,840:INFO:create_model(estimator=qda, fold=StratifiedKFold(n_splits=10, random_state=None, shuffle=False), round=4, cross_validation=True, predict=True, fit_kwargs={}, groups=None, refit=False, verbose=False, system=False, metrics=None, experiment_custom_tags=None, add_to_model_list=True, probability_threshold=None, display=<pycaret.internal.Display.Display object at 0x000001C7407899A0>, return_train_score=False, kwargs={})
2022-06-26 11:22:00,840:INFO:Checking exceptions
2022-06-26 11:22:00,840:INFO:Importing libraries
2022-06-26 11:22:00,841:INFO:Copying training dataset
2022-06-26 11:22:01,166:INFO:Defining folds
2022-06-26 11:22:01,167:INFO:Declaring metric variables
2022-06-26 11:22:01,174:INFO:Importing untrained model
2022-06-26 11:22:01,182:INFO:Quadratic Discriminant Analysis Imported succesfully
2022-06-26 11:22:01,197:INFO:Starting cross validation
2022-06-26 11:22:01,198:INFO:Cross validating with StratifiedKFold(n_splits=10, random_state=None, shuffle=False), n_jobs=-1
2022-06-26 11:34:21,517:INFO:Calculating mean and std
2022-06-26 11:34:21,582:INFO:Creating metrics dataframe
2022-06-26 11:34:21,895:INFO:Uploading results into container
2022-06-26 11:34:21,895:INFO:Uploading model into container now
2022-06-26 11:34:21,896:INFO:create_model_container: 8
2022-06-26 11:34:21,896:INFO:master_model_container: 8
2022-06-26 11:34:21,896:INFO:display_container: 2
2022-06-26 11:34:21,899:INFO:QuadraticDiscriminantAnalysis(priors=None, reg_param=0.0,
                              store_covariance=False, tol=0.0001)
2022-06-26 11:34:21,899:INFO:create_model() succesfully completed......................................
2022-06-26 11:34:22,642:INFO:SubProcess create_model() end ==================================
2022-06-26 11:34:22,642:INFO:Creating metrics dataframe
2022-06-26 11:34:22,680:INFO:Initializing Ada Boost Classifier
2022-06-26 11:34:22,680:INFO:Total runtime is 117.03010567426682 minutes
2022-06-26 11:34:22,687:INFO:SubProcess create_model() called ==================================
2022-06-26 11:34:22,688:INFO:Initializing create_model()
2022-06-26 11:34:22,688:INFO:create_model(estimator=ada, fold=StratifiedKFold(n_splits=10, random_state=None, shuffle=False), round=4, cross_validation=True, predict=True, fit_kwargs={}, groups=None, refit=False, verbose=False, system=False, metrics=None, experiment_custom_tags=None, add_to_model_list=True, probability_threshold=None, display=<pycaret.internal.Display.Display object at 0x000001C7407899A0>, return_train_score=False, kwargs={})
2022-06-26 11:34:22,688:INFO:Checking exceptions
2022-06-26 11:34:22,688:INFO:Importing libraries
2022-06-26 11:34:22,688:INFO:Copying training dataset
2022-06-26 11:34:23,332:INFO:Defining folds
2022-06-26 11:34:23,332:INFO:Declaring metric variables
2022-06-26 11:34:23,339:INFO:Importing untrained model
2022-06-26 11:34:23,347:INFO:Ada Boost Classifier Imported succesfully
2022-06-26 11:34:23,361:INFO:Starting cross validation
2022-06-26 11:34:23,362:INFO:Cross validating with StratifiedKFold(n_splits=10, random_state=None, shuffle=False), n_jobs=-1
2022-06-26 11:35:52,248:INFO:Calculating mean and std
2022-06-26 11:35:52,250:INFO:Creating metrics dataframe
2022-06-26 11:35:52,275:INFO:Uploading results into container
2022-06-26 11:35:52,275:INFO:Uploading model into container now
2022-06-26 11:35:52,276:INFO:create_model_container: 9
2022-06-26 11:35:52,276:INFO:master_model_container: 9
2022-06-26 11:35:52,276:INFO:display_container: 2
2022-06-26 11:35:52,276:INFO:AdaBoostClassifier(algorithm='SAMME.R', base_estimator=None, learning_rate=1.0,
                   n_estimators=50, random_state=3004)
2022-06-26 11:35:52,276:INFO:create_model() succesfully completed......................................
2022-06-26 11:35:52,429:INFO:SubProcess create_model() end ==================================
2022-06-26 11:35:52,429:INFO:Creating metrics dataframe
2022-06-26 11:35:52,468:INFO:Initializing Gradient Boosting Classifier
2022-06-26 11:35:52,468:INFO:Total runtime is 118.52656984329224 minutes
2022-06-26 11:35:52,475:INFO:SubProcess create_model() called ==================================
2022-06-26 11:35:52,476:INFO:Initializing create_model()
2022-06-26 11:35:52,476:INFO:create_model(estimator=gbc, fold=StratifiedKFold(n_splits=10, random_state=None, shuffle=False), round=4, cross_validation=True, predict=True, fit_kwargs={}, groups=None, refit=False, verbose=False, system=False, metrics=None, experiment_custom_tags=None, add_to_model_list=True, probability_threshold=None, display=<pycaret.internal.Display.Display object at 0x000001C7407899A0>, return_train_score=False, kwargs={})
2022-06-26 11:35:52,476:INFO:Checking exceptions
2022-06-26 11:35:52,476:INFO:Importing libraries
2022-06-26 11:35:52,476:INFO:Copying training dataset
2022-06-26 11:35:52,637:INFO:Defining folds
2022-06-26 11:35:52,637:INFO:Declaring metric variables
2022-06-26 11:35:52,644:INFO:Importing untrained model
2022-06-26 11:35:52,651:INFO:Gradient Boosting Classifier Imported succesfully
2022-06-26 11:35:52,667:INFO:Starting cross validation
2022-06-26 11:35:52,668:INFO:Cross validating with StratifiedKFold(n_splits=10, random_state=None, shuffle=False), n_jobs=-1
2022-06-26 11:41:09,772:INFO:Calculating mean and std
2022-06-26 11:41:09,774:INFO:Creating metrics dataframe
2022-06-26 11:41:09,812:INFO:Uploading results into container
2022-06-26 11:41:09,812:INFO:Uploading model into container now
2022-06-26 11:41:09,812:INFO:create_model_container: 10
2022-06-26 11:41:09,813:INFO:master_model_container: 10
2022-06-26 11:41:09,813:INFO:display_container: 2
2022-06-26 11:41:09,814:INFO:GradientBoostingClassifier(ccp_alpha=0.0, criterion='friedman_mse', init=None,
                           learning_rate=0.1, loss='deviance', max_depth=3,
                           max_features=None, max_leaf_nodes=None,
                           min_impurity_decrease=0.0, min_impurity_split=None,
                           min_samples_leaf=1, min_samples_split=2,
                           min_weight_fraction_leaf=0.0, n_estimators=100,
                           n_iter_no_change=None, presort='deprecated',
                           random_state=3004, subsample=1.0, tol=0.0001,
                           validation_fraction=0.1, verbose=0,
                           warm_start=False)
2022-06-26 11:41:09,814:INFO:create_model() succesfully completed......................................
2022-06-26 11:41:09,995:INFO:SubProcess create_model() end ==================================
2022-06-26 11:41:09,995:INFO:Creating metrics dataframe
2022-06-26 11:41:10,032:INFO:Initializing Linear Discriminant Analysis
2022-06-26 11:41:10,034:INFO:Total runtime is 123.81934887568156 minutes
2022-06-26 11:41:10,042:INFO:SubProcess create_model() called ==================================
2022-06-26 11:41:10,042:INFO:Initializing create_model()
2022-06-26 11:41:10,042:INFO:create_model(estimator=lda, fold=StratifiedKFold(n_splits=10, random_state=None, shuffle=False), round=4, cross_validation=True, predict=True, fit_kwargs={}, groups=None, refit=False, verbose=False, system=False, metrics=None, experiment_custom_tags=None, add_to_model_list=True, probability_threshold=None, display=<pycaret.internal.Display.Display object at 0x000001C7407899A0>, return_train_score=False, kwargs={})
2022-06-26 11:41:10,042:INFO:Checking exceptions
2022-06-26 11:41:10,042:INFO:Importing libraries
2022-06-26 11:41:10,042:INFO:Copying training dataset
2022-06-26 11:41:10,364:INFO:Defining folds
2022-06-26 11:41:10,364:INFO:Declaring metric variables
2022-06-26 11:41:10,372:INFO:Importing untrained model
2022-06-26 11:41:10,379:INFO:Linear Discriminant Analysis Imported succesfully
2022-06-26 11:41:10,393:INFO:Starting cross validation
2022-06-26 11:41:10,394:INFO:Cross validating with StratifiedKFold(n_splits=10, random_state=None, shuffle=False), n_jobs=-1
2022-06-26 12:13:56,178:INFO:Calculating mean and std
2022-06-26 12:13:56,255:INFO:Creating metrics dataframe
2022-06-26 12:13:56,603:INFO:Uploading results into container
2022-06-26 12:13:56,603:INFO:Uploading model into container now
2022-06-26 12:13:56,603:INFO:create_model_container: 11
2022-06-26 12:13:56,604:INFO:master_model_container: 11
2022-06-26 12:13:56,604:INFO:display_container: 2
2022-06-26 12:13:56,608:INFO:LinearDiscriminantAnalysis(n_components=None, priors=None, shrinkage=None,
                           solver='svd', store_covariance=False, tol=0.0001)
2022-06-26 12:13:56,608:INFO:create_model() succesfully completed......................................
2022-06-26 12:13:57,388:WARNING:create_model() for LinearDiscriminantAnalysis(n_components=None, priors=None, shrinkage=None,
                           solver='svd', store_covariance=False, tol=0.0001) raised an exception or returned all 0.0, trying without fit_kwargs:
2022-06-26 12:13:57,389:WARNING:Traceback (most recent call last):
  File "C:\Users\Way Keat Koh\AppData\Roaming\Python\Python38\site-packages\pycaret\internal\tabular.py", line 2205, in compare_models
    assert np.sum(model_results.iloc[0]) != 0.0
AssertionError

2022-06-26 12:13:57,389:INFO:Initializing create_model()
2022-06-26 12:13:57,389:INFO:create_model(estimator=lda, fold=StratifiedKFold(n_splits=10, random_state=None, shuffle=False), round=4, cross_validation=True, predict=True, fit_kwargs={}, groups=None, refit=False, verbose=False, system=False, metrics=None, experiment_custom_tags=None, add_to_model_list=True, probability_threshold=None, display=<pycaret.internal.Display.Display object at 0x000001C7407899A0>, return_train_score=False, kwargs={})
2022-06-26 12:13:57,389:INFO:Checking exceptions
2022-06-26 12:13:57,389:INFO:Importing libraries
2022-06-26 12:13:57,390:INFO:Copying training dataset
2022-06-26 12:13:58,369:INFO:Defining folds
2022-06-26 12:13:58,369:INFO:Declaring metric variables
2022-06-26 12:13:58,378:INFO:Importing untrained model
2022-06-26 12:13:58,385:INFO:Linear Discriminant Analysis Imported succesfully
2022-06-26 12:13:58,400:INFO:Starting cross validation
2022-06-26 12:13:58,400:INFO:Cross validating with StratifiedKFold(n_splits=10, random_state=None, shuffle=False), n_jobs=-1
2022-06-26 12:38:33,535:INFO:Calculating mean and std
2022-06-26 12:38:33,587:INFO:Creating metrics dataframe
2022-06-26 12:38:34,161:INFO:Uploading results into container
2022-06-26 12:38:34,161:INFO:Uploading model into container now
2022-06-26 12:38:34,162:INFO:create_model_container: 12
2022-06-26 12:38:34,162:INFO:master_model_container: 12
2022-06-26 12:38:34,162:INFO:display_container: 2
2022-06-26 12:38:34,166:INFO:LinearDiscriminantAnalysis(n_components=None, priors=None, shrinkage=None,
                           solver='svd', store_covariance=False, tol=0.0001)
2022-06-26 12:38:34,166:INFO:create_model() succesfully completed......................................
2022-06-26 12:38:35,155:ERROR:create_model() for LinearDiscriminantAnalysis(n_components=None, priors=None, shrinkage=None,
                           solver='svd', store_covariance=False, tol=0.0001) raised an exception or returned all 0.0:
2022-06-26 12:38:35,155:ERROR:Traceback (most recent call last):
  File "C:\Users\Way Keat Koh\AppData\Roaming\Python\Python38\site-packages\pycaret\internal\tabular.py", line 2205, in compare_models
    assert np.sum(model_results.iloc[0]) != 0.0
AssertionError

During handling of the above exception, another exception occurred:

Traceback (most recent call last):
  File "C:\Users\Way Keat Koh\AppData\Roaming\Python\Python38\site-packages\pycaret\internal\tabular.py", line 2214, in compare_models
    assert np.sum(model_results.iloc[0]) != 0.0
AssertionError

2022-06-26 12:38:35,155:INFO:Initializing Extra Trees Classifier
2022-06-26 12:38:35,155:INFO:Total runtime is 181.2380313595136 minutes
2022-06-26 12:38:35,166:INFO:SubProcess create_model() called ==================================
2022-06-26 12:38:35,166:INFO:Initializing create_model()
2022-06-26 12:38:35,166:INFO:create_model(estimator=et, fold=StratifiedKFold(n_splits=10, random_state=None, shuffle=False), round=4, cross_validation=True, predict=True, fit_kwargs={}, groups=None, refit=False, verbose=False, system=False, metrics=None, experiment_custom_tags=None, add_to_model_list=True, probability_threshold=None, display=<pycaret.internal.Display.Display object at 0x000001C7407899A0>, return_train_score=False, kwargs={})
2022-06-26 12:38:35,166:INFO:Checking exceptions
2022-06-26 12:38:35,166:INFO:Importing libraries
2022-06-26 12:38:35,167:INFO:Copying training dataset
2022-06-26 12:38:36,152:INFO:Defining folds
2022-06-26 12:38:36,152:INFO:Declaring metric variables
2022-06-26 12:38:36,159:INFO:Importing untrained model
2022-06-26 12:38:36,166:INFO:Extra Trees Classifier Imported succesfully
2022-06-26 12:38:36,182:INFO:Starting cross validation
2022-06-26 12:38:36,183:INFO:Cross validating with StratifiedKFold(n_splits=10, random_state=None, shuffle=False), n_jobs=-1
2022-06-26 13:28:15,499:INFO:Calculating mean and std
2022-06-26 13:28:15,503:INFO:Creating metrics dataframe
2022-06-26 13:28:15,554:INFO:Uploading results into container
2022-06-26 13:28:15,555:INFO:Uploading model into container now
2022-06-26 13:28:15,555:INFO:create_model_container: 13
2022-06-26 13:28:15,555:INFO:master_model_container: 13
2022-06-26 13:28:15,555:INFO:display_container: 2
2022-06-26 13:28:15,556:INFO:ExtraTreesClassifier(bootstrap=False, ccp_alpha=0.0, class_weight=None,
                     criterion='gini', max_depth=None, max_features='auto',
                     max_leaf_nodes=None, max_samples=None,
                     min_impurity_decrease=0.0, min_impurity_split=None,
                     min_samples_leaf=1, min_samples_split=2,
                     min_weight_fraction_leaf=0.0, n_estimators=100, n_jobs=-1,
                     oob_score=False, random_state=3004, verbose=0,
                     warm_start=False)
2022-06-26 13:28:15,556:INFO:create_model() succesfully completed......................................
2022-06-26 13:28:15,747:INFO:SubProcess create_model() end ==================================
2022-06-26 13:28:15,748:INFO:Creating metrics dataframe
2022-06-26 13:28:15,789:INFO:Initializing Light Gradient Boosting Machine
2022-06-26 13:28:15,789:INFO:Total runtime is 230.91526257594427 minutes
2022-06-26 13:28:15,798:INFO:SubProcess create_model() called ==================================
2022-06-26 13:28:15,798:INFO:Initializing create_model()
2022-06-26 13:28:15,798:INFO:create_model(estimator=lightgbm, fold=StratifiedKFold(n_splits=10, random_state=None, shuffle=False), round=4, cross_validation=True, predict=True, fit_kwargs={}, groups=None, refit=False, verbose=False, system=False, metrics=None, experiment_custom_tags=None, add_to_model_list=True, probability_threshold=None, display=<pycaret.internal.Display.Display object at 0x000001C7407899A0>, return_train_score=False, kwargs={})
2022-06-26 13:28:15,798:INFO:Checking exceptions
2022-06-26 13:28:15,798:INFO:Importing libraries
2022-06-26 13:28:15,799:INFO:Copying training dataset
2022-06-26 13:28:16,239:INFO:Defining folds
2022-06-26 13:28:16,239:INFO:Declaring metric variables
2022-06-26 13:28:16,247:INFO:Importing untrained model
2022-06-26 13:28:16,255:INFO:Light Gradient Boosting Machine Imported succesfully
2022-06-26 13:28:16,270:INFO:Starting cross validation
2022-06-26 13:28:16,271:INFO:Cross validating with StratifiedKFold(n_splits=10, random_state=None, shuffle=False), n_jobs=-1
2022-06-26 13:28:40,126:INFO:Calculating mean and std
2022-06-26 13:28:40,154:INFO:Creating metrics dataframe
2022-06-26 13:28:40,406:INFO:Uploading results into container
2022-06-26 13:28:40,406:INFO:Uploading model into container now
2022-06-26 13:28:40,406:INFO:create_model_container: 14
2022-06-26 13:28:40,407:INFO:master_model_container: 14
2022-06-26 13:28:40,407:INFO:display_container: 2
2022-06-26 13:28:40,411:INFO:LGBMClassifier(boosting_type='gbdt', class_weight=None, colsample_bytree=1.0,
               importance_type='split', learning_rate=0.1, max_depth=-1,
               min_child_samples=20, min_child_weight=0.001, min_split_gain=0.0,
               n_estimators=100, n_jobs=-1, num_leaves=31, objective=None,
               random_state=3004, reg_alpha=0.0, reg_lambda=0.0, silent='warn',
               subsample=1.0, subsample_for_bin=200000, subsample_freq=0)
2022-06-26 13:28:40,411:INFO:create_model() succesfully completed......................................
2022-06-26 13:28:41,441:INFO:SubProcess create_model() end ==================================
2022-06-26 13:28:41,441:INFO:Creating metrics dataframe
2022-06-26 13:28:41,488:INFO:Initializing Dummy Classifier
2022-06-26 13:28:41,488:INFO:Total runtime is 231.34357871611914 minutes
2022-06-26 13:28:41,497:INFO:SubProcess create_model() called ==================================
2022-06-26 13:28:41,498:INFO:Initializing create_model()
2022-06-26 13:28:41,498:INFO:create_model(estimator=dummy, fold=StratifiedKFold(n_splits=10, random_state=None, shuffle=False), round=4, cross_validation=True, predict=True, fit_kwargs={}, groups=None, refit=False, verbose=False, system=False, metrics=None, experiment_custom_tags=None, add_to_model_list=True, probability_threshold=None, display=<pycaret.internal.Display.Display object at 0x000001C7407899A0>, return_train_score=False, kwargs={})
2022-06-26 13:28:41,498:INFO:Checking exceptions
2022-06-26 13:28:41,498:INFO:Importing libraries
2022-06-26 13:28:41,499:INFO:Copying training dataset
2022-06-26 13:28:41,792:INFO:Defining folds
2022-06-26 13:28:41,792:INFO:Declaring metric variables
2022-06-26 13:28:41,800:INFO:Importing untrained model
2022-06-26 13:28:41,809:INFO:Dummy Classifier Imported succesfully
2022-06-26 13:28:41,826:INFO:Starting cross validation
2022-06-26 13:28:41,827:INFO:Cross validating with StratifiedKFold(n_splits=10, random_state=None, shuffle=False), n_jobs=-1
2022-06-26 13:28:48,510:INFO:Calculating mean and std
2022-06-26 13:28:48,510:INFO:Creating metrics dataframe
2022-06-26 13:28:48,533:INFO:Uploading results into container
2022-06-26 13:28:48,534:INFO:Uploading model into container now
2022-06-26 13:28:48,534:INFO:create_model_container: 15
2022-06-26 13:28:48,534:INFO:master_model_container: 15
2022-06-26 13:28:48,534:INFO:display_container: 2
2022-06-26 13:28:48,534:INFO:DummyClassifier(constant=None, random_state=3004, strategy='prior')
2022-06-26 13:28:48,534:INFO:create_model() succesfully completed......................................
2022-06-26 13:28:48,719:INFO:SubProcess create_model() end ==================================
2022-06-26 13:28:48,719:INFO:Creating metrics dataframe
2022-06-26 13:28:48,775:INFO:Initializing create_model()
2022-06-26 13:28:48,776:INFO:create_model(estimator=LogisticRegression(C=1.0, class_weight=None, dual=False, fit_intercept=True,
                   intercept_scaling=1, l1_ratio=None, max_iter=1000,
                   multi_class='auto', n_jobs=None, penalty='l2',
                   random_state=3004, solver='lbfgs', tol=0.0001, verbose=0,
                   warm_start=False), fold=StratifiedKFold(n_splits=10, random_state=None, shuffle=False), round=4, cross_validation=False, predict=False, fit_kwargs={}, groups=None, refit=True, verbose=False, system=False, metrics=None, experiment_custom_tags=None, add_to_model_list=True, probability_threshold=None, display=None, return_train_score=False, kwargs={})
2022-06-26 13:28:48,776:INFO:Checking exceptions
2022-06-26 13:28:48,776:INFO:Importing libraries
2022-06-26 13:28:48,776:INFO:Copying training dataset
2022-06-26 13:28:48,923:INFO:Defining folds
2022-06-26 13:28:48,923:INFO:Declaring metric variables
2022-06-26 13:28:48,923:INFO:Importing untrained model
2022-06-26 13:28:48,923:INFO:Declaring custom model
2022-06-26 13:28:48,924:INFO:Logistic Regression Imported succesfully
2022-06-26 13:28:48,925:INFO:Cross validation set to False
2022-06-26 13:28:48,925:INFO:Fitting Model
2022-06-26 13:28:53,371:INFO:LogisticRegression(C=1.0, class_weight=None, dual=False, fit_intercept=True,
                   intercept_scaling=1, l1_ratio=None, max_iter=1000,
                   multi_class='auto', n_jobs=None, penalty='l2',
                   random_state=3004, solver='lbfgs', tol=0.0001, verbose=0,
                   warm_start=False)
2022-06-26 13:28:53,371:INFO:create_models() succesfully completed......................................
2022-06-26 13:28:53,730:INFO:create_model_container: 15
2022-06-26 13:28:53,730:INFO:master_model_container: 15
2022-06-26 13:28:53,730:INFO:display_container: 2
2022-06-26 13:28:53,731:INFO:LogisticRegression(C=1.0, class_weight=None, dual=False, fit_intercept=True,
                   intercept_scaling=1, l1_ratio=None, max_iter=1000,
                   multi_class='auto', n_jobs=None, penalty='l2',
                   random_state=3004, solver='lbfgs', tol=0.0001, verbose=0,
                   warm_start=False)
2022-06-26 13:28:53,731:INFO:compare_models() succesfully completed......................................
